<?xml version="1.0" encoding="UTF-8"?>
<testsuite xmlns:xsi="http://www.w3.org/2001/XMLSchema-instance" xsi:noNamespaceSchemaLocation="https://maven.apache.org/surefire/maven-surefire-plugin/xsd/surefire-test-report.xsd" name="com.item.validationservice.ItemValidationControllerIntegrationTest" time="1.766" tests="1" errors="0" skipped="0" failures="0">
  <properties>
    <property name="java.specification.version" value="17"/>
    <property name="sun.jnu.encoding" value="UTF-8"/>
    <property name="java.class.path" value="/Users/sivateja/Downloads/validation-service 2/target/test-classes:/Users/sivateja/Downloads/validation-service 2/target/classes:/Users/sivateja/.m2/repository/org/springframework/boot/spring-boot-starter-web/3.0.5/spring-boot-starter-web-3.0.5.jar:/Users/sivateja/.m2/repository/org/springframework/boot/spring-boot-starter/3.0.5/spring-boot-starter-3.0.5.jar:/Users/sivateja/.m2/repository/org/springframework/boot/spring-boot/3.0.5/spring-boot-3.0.5.jar:/Users/sivateja/.m2/repository/org/springframework/boot/spring-boot-autoconfigure/3.0.5/spring-boot-autoconfigure-3.0.5.jar:/Users/sivateja/.m2/repository/org/springframework/boot/spring-boot-starter-logging/3.0.5/spring-boot-starter-logging-3.0.5.jar:/Users/sivateja/.m2/repository/org/apache/logging/log4j/log4j-to-slf4j/2.19.0/log4j-to-slf4j-2.19.0.jar:/Users/sivateja/.m2/repository/org/apache/logging/log4j/log4j-api/2.19.0/log4j-api-2.19.0.jar:/Users/sivateja/.m2/repository/org/slf4j/jul-to-slf4j/2.0.7/jul-to-slf4j-2.0.7.jar:/Users/sivateja/.m2/repository/jakarta/annotation/jakarta.annotation-api/2.1.1/jakarta.annotation-api-2.1.1.jar:/Users/sivateja/.m2/repository/org/yaml/snakeyaml/1.33/snakeyaml-1.33.jar:/Users/sivateja/.m2/repository/org/springframework/boot/spring-boot-starter-json/3.0.5/spring-boot-starter-json-3.0.5.jar:/Users/sivateja/.m2/repository/com/fasterxml/jackson/core/jackson-databind/2.14.2/jackson-databind-2.14.2.jar:/Users/sivateja/.m2/repository/com/fasterxml/jackson/core/jackson-annotations/2.14.2/jackson-annotations-2.14.2.jar:/Users/sivateja/.m2/repository/com/fasterxml/jackson/core/jackson-core/2.14.2/jackson-core-2.14.2.jar:/Users/sivateja/.m2/repository/com/fasterxml/jackson/datatype/jackson-datatype-jdk8/2.14.2/jackson-datatype-jdk8-2.14.2.jar:/Users/sivateja/.m2/repository/com/fasterxml/jackson/datatype/jackson-datatype-jsr310/2.14.2/jackson-datatype-jsr310-2.14.2.jar:/Users/sivateja/.m2/repository/com/fasterxml/jackson/module/jackson-module-parameter-names/2.14.2/jackson-module-parameter-names-2.14.2.jar:/Users/sivateja/.m2/repository/org/springframework/boot/spring-boot-starter-tomcat/3.0.5/spring-boot-starter-tomcat-3.0.5.jar:/Users/sivateja/.m2/repository/org/apache/tomcat/embed/tomcat-embed-core/10.1.7/tomcat-embed-core-10.1.7.jar:/Users/sivateja/.m2/repository/org/apache/tomcat/embed/tomcat-embed-websocket/10.1.7/tomcat-embed-websocket-10.1.7.jar:/Users/sivateja/.m2/repository/org/springframework/spring-web/6.0.7/spring-web-6.0.7.jar:/Users/sivateja/.m2/repository/org/springframework/spring-beans/6.0.7/spring-beans-6.0.7.jar:/Users/sivateja/.m2/repository/org/springframework/spring-webmvc/6.0.7/spring-webmvc-6.0.7.jar:/Users/sivateja/.m2/repository/org/springframework/spring-aop/6.0.7/spring-aop-6.0.7.jar:/Users/sivateja/.m2/repository/org/springframework/spring-context/6.0.7/spring-context-6.0.7.jar:/Users/sivateja/.m2/repository/org/springframework/spring-expression/6.0.7/spring-expression-6.0.7.jar:/Users/sivateja/.m2/repository/org/springframework/boot/spring-boot-starter-validation/3.0.5/spring-boot-starter-validation-3.0.5.jar:/Users/sivateja/.m2/repository/org/apache/tomcat/embed/tomcat-embed-el/10.1.7/tomcat-embed-el-10.1.7.jar:/Users/sivateja/.m2/repository/org/hibernate/validator/hibernate-validator/8.0.0.Final/hibernate-validator-8.0.0.Final.jar:/Users/sivateja/.m2/repository/jakarta/validation/jakarta.validation-api/3.0.2/jakarta.validation-api-3.0.2.jar:/Users/sivateja/.m2/repository/org/jboss/logging/jboss-logging/3.5.0.Final/jboss-logging-3.5.0.Final.jar:/Users/sivateja/.m2/repository/com/fasterxml/classmate/1.5.1/classmate-1.5.1.jar:/Users/sivateja/.m2/repository/org/aspectj/aspectjweaver/1.9.6/aspectjweaver-1.9.6.jar:/Users/sivateja/.m2/repository/org/springframework/boot/spring-boot-starter-actuator/3.0.5/spring-boot-starter-actuator-3.0.5.jar:/Users/sivateja/.m2/repository/org/springframework/boot/spring-boot-actuator-autoconfigure/3.0.5/spring-boot-actuator-autoconfigure-3.0.5.jar:/Users/sivateja/.m2/repository/org/springframework/boot/spring-boot-actuator/3.0.5/spring-boot-actuator-3.0.5.jar:/Users/sivateja/.m2/repository/io/micrometer/micrometer-observation/1.10.5/micrometer-observation-1.10.5.jar:/Users/sivateja/.m2/repository/io/micrometer/micrometer-commons/1.10.5/micrometer-commons-1.10.5.jar:/Users/sivateja/.m2/repository/io/micrometer/micrometer-core/1.10.5/micrometer-core-1.10.5.jar:/Users/sivateja/.m2/repository/org/hdrhistogram/HdrHistogram/2.1.12/HdrHistogram-2.1.12.jar:/Users/sivateja/.m2/repository/org/latencyutils/LatencyUtils/2.0.3/LatencyUtils-2.0.3.jar:/Users/sivateja/.m2/repository/io/micrometer/micrometer-tracing-bridge-brave/1.0.3/micrometer-tracing-bridge-brave-1.0.3.jar:/Users/sivateja/.m2/repository/io/micrometer/micrometer-tracing/1.0.3/micrometer-tracing-1.0.3.jar:/Users/sivateja/.m2/repository/io/micrometer/context-propagation/1.0.2/context-propagation-1.0.2.jar:/Users/sivateja/.m2/repository/aopalliance/aopalliance/1.0/aopalliance-1.0.jar:/Users/sivateja/.m2/repository/org/slf4j/slf4j-api/2.0.7/slf4j-api-2.0.7.jar:/Users/sivateja/.m2/repository/io/zipkin/brave/brave/5.14.1/brave-5.14.1.jar:/Users/sivateja/.m2/repository/io/zipkin/brave/brave-context-slf4j/5.14.1/brave-context-slf4j-5.14.1.jar:/Users/sivateja/.m2/repository/io/zipkin/brave/brave-instrumentation-http/5.14.1/brave-instrumentation-http-5.14.1.jar:/Users/sivateja/.m2/repository/io/zipkin/aws/brave-propagation-aws/0.23.4/brave-propagation-aws-0.23.4.jar:/Users/sivateja/.m2/repository/io/micrometer/micrometer-registry-prometheus/1.10.5/micrometer-registry-prometheus-1.10.5.jar:/Users/sivateja/.m2/repository/io/prometheus/simpleclient_common/0.16.0/simpleclient_common-0.16.0.jar:/Users/sivateja/.m2/repository/io/prometheus/simpleclient/0.16.0/simpleclient-0.16.0.jar:/Users/sivateja/.m2/repository/io/prometheus/simpleclient_tracer_otel/0.16.0/simpleclient_tracer_otel-0.16.0.jar:/Users/sivateja/.m2/repository/io/prometheus/simpleclient_tracer_common/0.16.0/simpleclient_tracer_common-0.16.0.jar:/Users/sivateja/.m2/repository/io/prometheus/simpleclient_tracer_otel_agent/0.16.0/simpleclient_tracer_otel_agent-0.16.0.jar:/Users/sivateja/.m2/repository/io/zipkin/reporter2/zipkin-reporter-brave/2.16.3/zipkin-reporter-brave-2.16.3.jar:/Users/sivateja/.m2/repository/io/zipkin/reporter2/zipkin-reporter/2.16.3/zipkin-reporter-2.16.3.jar:/Users/sivateja/.m2/repository/io/zipkin/zipkin2/zipkin/2.23.2/zipkin-2.23.2.jar:/Users/sivateja/.m2/repository/com/github/loki4j/loki-logback-appender/1.3.2/loki-logback-appender-1.3.2.jar:/Users/sivateja/.m2/repository/ch/qos/logback/logback-classic/1.4.6/logback-classic-1.4.6.jar:/Users/sivateja/.m2/repository/ch/qos/logback/logback-core/1.4.6/logback-core-1.4.6.jar:/Users/sivateja/.m2/repository/org/projectlombok/lombok/1.18.26/lombok-1.18.26.jar:/Users/sivateja/.m2/repository/org/springframework/boot/spring-boot-starter-test/3.0.5/spring-boot-starter-test-3.0.5.jar:/Users/sivateja/.m2/repository/org/springframework/boot/spring-boot-test/3.0.5/spring-boot-test-3.0.5.jar:/Users/sivateja/.m2/repository/org/springframework/boot/spring-boot-test-autoconfigure/3.0.5/spring-boot-test-autoconfigure-3.0.5.jar:/Users/sivateja/.m2/repository/com/jayway/jsonpath/json-path/2.7.0/json-path-2.7.0.jar:/Users/sivateja/.m2/repository/net/minidev/json-smart/2.4.10/json-smart-2.4.10.jar:/Users/sivateja/.m2/repository/net/minidev/accessors-smart/2.4.9/accessors-smart-2.4.9.jar:/Users/sivateja/.m2/repository/org/ow2/asm/asm/9.3/asm-9.3.jar:/Users/sivateja/.m2/repository/jakarta/xml/bind/jakarta.xml.bind-api/4.0.0/jakarta.xml.bind-api-4.0.0.jar:/Users/sivateja/.m2/repository/jakarta/activation/jakarta.activation-api/2.1.1/jakarta.activation-api-2.1.1.jar:/Users/sivateja/.m2/repository/org/assertj/assertj-core/3.23.1/assertj-core-3.23.1.jar:/Users/sivateja/.m2/repository/net/bytebuddy/byte-buddy/1.12.23/byte-buddy-1.12.23.jar:/Users/sivateja/.m2/repository/org/hamcrest/hamcrest/2.2/hamcrest-2.2.jar:/Users/sivateja/.m2/repository/org/junit/jupiter/junit-jupiter/5.9.2/junit-jupiter-5.9.2.jar:/Users/sivateja/.m2/repository/org/junit/jupiter/junit-jupiter-api/5.9.2/junit-jupiter-api-5.9.2.jar:/Users/sivateja/.m2/repository/org/opentest4j/opentest4j/1.2.0/opentest4j-1.2.0.jar:/Users/sivateja/.m2/repository/org/junit/platform/junit-platform-commons/1.9.2/junit-platform-commons-1.9.2.jar:/Users/sivateja/.m2/repository/org/apiguardian/apiguardian-api/1.1.2/apiguardian-api-1.1.2.jar:/Users/sivateja/.m2/repository/org/junit/jupiter/junit-jupiter-params/5.9.2/junit-jupiter-params-5.9.2.jar:/Users/sivateja/.m2/repository/org/junit/jupiter/junit-jupiter-engine/5.9.2/junit-jupiter-engine-5.9.2.jar:/Users/sivateja/.m2/repository/org/junit/platform/junit-platform-engine/1.9.2/junit-platform-engine-1.9.2.jar:/Users/sivateja/.m2/repository/org/mockito/mockito-core/4.8.1/mockito-core-4.8.1.jar:/Users/sivateja/.m2/repository/net/bytebuddy/byte-buddy-agent/1.12.23/byte-buddy-agent-1.12.23.jar:/Users/sivateja/.m2/repository/org/objenesis/objenesis/3.2/objenesis-3.2.jar:/Users/sivateja/.m2/repository/org/mockito/mockito-junit-jupiter/4.8.1/mockito-junit-jupiter-4.8.1.jar:/Users/sivateja/.m2/repository/org/skyscreamer/jsonassert/1.5.1/jsonassert-1.5.1.jar:/Users/sivateja/.m2/repository/com/vaadin/external/google/android-json/0.0.20131108.vaadin1/android-json-0.0.20131108.vaadin1.jar:/Users/sivateja/.m2/repository/org/springframework/spring-core/6.0.7/spring-core-6.0.7.jar:/Users/sivateja/.m2/repository/org/springframework/spring-jcl/6.0.7/spring-jcl-6.0.7.jar:/Users/sivateja/.m2/repository/org/springframework/spring-test/6.0.7/spring-test-6.0.7.jar:/Users/sivateja/.m2/repository/org/xmlunit/xmlunit-core/2.9.1/xmlunit-core-2.9.1.jar:"/>
    <property name="java.vm.vendor" value="Amazon.com Inc."/>
    <property name="sun.arch.data.model" value="64"/>
    <property name="java.vendor.url" value="https://aws.amazon.com/corretto/"/>
    <property name="os.name" value="Mac OS X"/>
    <property name="java.vm.specification.version" value="17"/>
    <property name="sun.java.launcher" value="SUN_STANDARD"/>
    <property name="user.country" value="US"/>
    <property name="sun.boot.library.path" value="/Users/sivateja/Library/Java/JavaVirtualMachines/corretto-17.0.6/Contents/Home/lib"/>
    <property name="sun.java.command" value="/Users/sivateja/Downloads/validation-service 2/target/surefire/surefirebooter11777879627947555894.jar /Users/sivateja/Downloads/validation-service 2/target/surefire 2023-04-06T13-31-20_376-jvmRun1 surefire11078160328109264031tmp surefire_013219562653209083366tmp"/>
    <property name="http.nonProxyHosts" value="local|*.local|169.254/16|*.169.254/16"/>
    <property name="jdk.debug" value="release"/>
    <property name="surefire.test.class.path" value="/Users/sivateja/Downloads/validation-service 2/target/test-classes:/Users/sivateja/Downloads/validation-service 2/target/classes:/Users/sivateja/.m2/repository/org/springframework/boot/spring-boot-starter-web/3.0.5/spring-boot-starter-web-3.0.5.jar:/Users/sivateja/.m2/repository/org/springframework/boot/spring-boot-starter/3.0.5/spring-boot-starter-3.0.5.jar:/Users/sivateja/.m2/repository/org/springframework/boot/spring-boot/3.0.5/spring-boot-3.0.5.jar:/Users/sivateja/.m2/repository/org/springframework/boot/spring-boot-autoconfigure/3.0.5/spring-boot-autoconfigure-3.0.5.jar:/Users/sivateja/.m2/repository/org/springframework/boot/spring-boot-starter-logging/3.0.5/spring-boot-starter-logging-3.0.5.jar:/Users/sivateja/.m2/repository/org/apache/logging/log4j/log4j-to-slf4j/2.19.0/log4j-to-slf4j-2.19.0.jar:/Users/sivateja/.m2/repository/org/apache/logging/log4j/log4j-api/2.19.0/log4j-api-2.19.0.jar:/Users/sivateja/.m2/repository/org/slf4j/jul-to-slf4j/2.0.7/jul-to-slf4j-2.0.7.jar:/Users/sivateja/.m2/repository/jakarta/annotation/jakarta.annotation-api/2.1.1/jakarta.annotation-api-2.1.1.jar:/Users/sivateja/.m2/repository/org/yaml/snakeyaml/1.33/snakeyaml-1.33.jar:/Users/sivateja/.m2/repository/org/springframework/boot/spring-boot-starter-json/3.0.5/spring-boot-starter-json-3.0.5.jar:/Users/sivateja/.m2/repository/com/fasterxml/jackson/core/jackson-databind/2.14.2/jackson-databind-2.14.2.jar:/Users/sivateja/.m2/repository/com/fasterxml/jackson/core/jackson-annotations/2.14.2/jackson-annotations-2.14.2.jar:/Users/sivateja/.m2/repository/com/fasterxml/jackson/core/jackson-core/2.14.2/jackson-core-2.14.2.jar:/Users/sivateja/.m2/repository/com/fasterxml/jackson/datatype/jackson-datatype-jdk8/2.14.2/jackson-datatype-jdk8-2.14.2.jar:/Users/sivateja/.m2/repository/com/fasterxml/jackson/datatype/jackson-datatype-jsr310/2.14.2/jackson-datatype-jsr310-2.14.2.jar:/Users/sivateja/.m2/repository/com/fasterxml/jackson/module/jackson-module-parameter-names/2.14.2/jackson-module-parameter-names-2.14.2.jar:/Users/sivateja/.m2/repository/org/springframework/boot/spring-boot-starter-tomcat/3.0.5/spring-boot-starter-tomcat-3.0.5.jar:/Users/sivateja/.m2/repository/org/apache/tomcat/embed/tomcat-embed-core/10.1.7/tomcat-embed-core-10.1.7.jar:/Users/sivateja/.m2/repository/org/apache/tomcat/embed/tomcat-embed-websocket/10.1.7/tomcat-embed-websocket-10.1.7.jar:/Users/sivateja/.m2/repository/org/springframework/spring-web/6.0.7/spring-web-6.0.7.jar:/Users/sivateja/.m2/repository/org/springframework/spring-beans/6.0.7/spring-beans-6.0.7.jar:/Users/sivateja/.m2/repository/org/springframework/spring-webmvc/6.0.7/spring-webmvc-6.0.7.jar:/Users/sivateja/.m2/repository/org/springframework/spring-aop/6.0.7/spring-aop-6.0.7.jar:/Users/sivateja/.m2/repository/org/springframework/spring-context/6.0.7/spring-context-6.0.7.jar:/Users/sivateja/.m2/repository/org/springframework/spring-expression/6.0.7/spring-expression-6.0.7.jar:/Users/sivateja/.m2/repository/org/springframework/boot/spring-boot-starter-validation/3.0.5/spring-boot-starter-validation-3.0.5.jar:/Users/sivateja/.m2/repository/org/apache/tomcat/embed/tomcat-embed-el/10.1.7/tomcat-embed-el-10.1.7.jar:/Users/sivateja/.m2/repository/org/hibernate/validator/hibernate-validator/8.0.0.Final/hibernate-validator-8.0.0.Final.jar:/Users/sivateja/.m2/repository/jakarta/validation/jakarta.validation-api/3.0.2/jakarta.validation-api-3.0.2.jar:/Users/sivateja/.m2/repository/org/jboss/logging/jboss-logging/3.5.0.Final/jboss-logging-3.5.0.Final.jar:/Users/sivateja/.m2/repository/com/fasterxml/classmate/1.5.1/classmate-1.5.1.jar:/Users/sivateja/.m2/repository/org/aspectj/aspectjweaver/1.9.6/aspectjweaver-1.9.6.jar:/Users/sivateja/.m2/repository/org/springframework/boot/spring-boot-starter-actuator/3.0.5/spring-boot-starter-actuator-3.0.5.jar:/Users/sivateja/.m2/repository/org/springframework/boot/spring-boot-actuator-autoconfigure/3.0.5/spring-boot-actuator-autoconfigure-3.0.5.jar:/Users/sivateja/.m2/repository/org/springframework/boot/spring-boot-actuator/3.0.5/spring-boot-actuator-3.0.5.jar:/Users/sivateja/.m2/repository/io/micrometer/micrometer-observation/1.10.5/micrometer-observation-1.10.5.jar:/Users/sivateja/.m2/repository/io/micrometer/micrometer-commons/1.10.5/micrometer-commons-1.10.5.jar:/Users/sivateja/.m2/repository/io/micrometer/micrometer-core/1.10.5/micrometer-core-1.10.5.jar:/Users/sivateja/.m2/repository/org/hdrhistogram/HdrHistogram/2.1.12/HdrHistogram-2.1.12.jar:/Users/sivateja/.m2/repository/org/latencyutils/LatencyUtils/2.0.3/LatencyUtils-2.0.3.jar:/Users/sivateja/.m2/repository/io/micrometer/micrometer-tracing-bridge-brave/1.0.3/micrometer-tracing-bridge-brave-1.0.3.jar:/Users/sivateja/.m2/repository/io/micrometer/micrometer-tracing/1.0.3/micrometer-tracing-1.0.3.jar:/Users/sivateja/.m2/repository/io/micrometer/context-propagation/1.0.2/context-propagation-1.0.2.jar:/Users/sivateja/.m2/repository/aopalliance/aopalliance/1.0/aopalliance-1.0.jar:/Users/sivateja/.m2/repository/org/slf4j/slf4j-api/2.0.7/slf4j-api-2.0.7.jar:/Users/sivateja/.m2/repository/io/zipkin/brave/brave/5.14.1/brave-5.14.1.jar:/Users/sivateja/.m2/repository/io/zipkin/brave/brave-context-slf4j/5.14.1/brave-context-slf4j-5.14.1.jar:/Users/sivateja/.m2/repository/io/zipkin/brave/brave-instrumentation-http/5.14.1/brave-instrumentation-http-5.14.1.jar:/Users/sivateja/.m2/repository/io/zipkin/aws/brave-propagation-aws/0.23.4/brave-propagation-aws-0.23.4.jar:/Users/sivateja/.m2/repository/io/micrometer/micrometer-registry-prometheus/1.10.5/micrometer-registry-prometheus-1.10.5.jar:/Users/sivateja/.m2/repository/io/prometheus/simpleclient_common/0.16.0/simpleclient_common-0.16.0.jar:/Users/sivateja/.m2/repository/io/prometheus/simpleclient/0.16.0/simpleclient-0.16.0.jar:/Users/sivateja/.m2/repository/io/prometheus/simpleclient_tracer_otel/0.16.0/simpleclient_tracer_otel-0.16.0.jar:/Users/sivateja/.m2/repository/io/prometheus/simpleclient_tracer_common/0.16.0/simpleclient_tracer_common-0.16.0.jar:/Users/sivateja/.m2/repository/io/prometheus/simpleclient_tracer_otel_agent/0.16.0/simpleclient_tracer_otel_agent-0.16.0.jar:/Users/sivateja/.m2/repository/io/zipkin/reporter2/zipkin-reporter-brave/2.16.3/zipkin-reporter-brave-2.16.3.jar:/Users/sivateja/.m2/repository/io/zipkin/reporter2/zipkin-reporter/2.16.3/zipkin-reporter-2.16.3.jar:/Users/sivateja/.m2/repository/io/zipkin/zipkin2/zipkin/2.23.2/zipkin-2.23.2.jar:/Users/sivateja/.m2/repository/com/github/loki4j/loki-logback-appender/1.3.2/loki-logback-appender-1.3.2.jar:/Users/sivateja/.m2/repository/ch/qos/logback/logback-classic/1.4.6/logback-classic-1.4.6.jar:/Users/sivateja/.m2/repository/ch/qos/logback/logback-core/1.4.6/logback-core-1.4.6.jar:/Users/sivateja/.m2/repository/org/projectlombok/lombok/1.18.26/lombok-1.18.26.jar:/Users/sivateja/.m2/repository/org/springframework/boot/spring-boot-starter-test/3.0.5/spring-boot-starter-test-3.0.5.jar:/Users/sivateja/.m2/repository/org/springframework/boot/spring-boot-test/3.0.5/spring-boot-test-3.0.5.jar:/Users/sivateja/.m2/repository/org/springframework/boot/spring-boot-test-autoconfigure/3.0.5/spring-boot-test-autoconfigure-3.0.5.jar:/Users/sivateja/.m2/repository/com/jayway/jsonpath/json-path/2.7.0/json-path-2.7.0.jar:/Users/sivateja/.m2/repository/net/minidev/json-smart/2.4.10/json-smart-2.4.10.jar:/Users/sivateja/.m2/repository/net/minidev/accessors-smart/2.4.9/accessors-smart-2.4.9.jar:/Users/sivateja/.m2/repository/org/ow2/asm/asm/9.3/asm-9.3.jar:/Users/sivateja/.m2/repository/jakarta/xml/bind/jakarta.xml.bind-api/4.0.0/jakarta.xml.bind-api-4.0.0.jar:/Users/sivateja/.m2/repository/jakarta/activation/jakarta.activation-api/2.1.1/jakarta.activation-api-2.1.1.jar:/Users/sivateja/.m2/repository/org/assertj/assertj-core/3.23.1/assertj-core-3.23.1.jar:/Users/sivateja/.m2/repository/net/bytebuddy/byte-buddy/1.12.23/byte-buddy-1.12.23.jar:/Users/sivateja/.m2/repository/org/hamcrest/hamcrest/2.2/hamcrest-2.2.jar:/Users/sivateja/.m2/repository/org/junit/jupiter/junit-jupiter/5.9.2/junit-jupiter-5.9.2.jar:/Users/sivateja/.m2/repository/org/junit/jupiter/junit-jupiter-api/5.9.2/junit-jupiter-api-5.9.2.jar:/Users/sivateja/.m2/repository/org/opentest4j/opentest4j/1.2.0/opentest4j-1.2.0.jar:/Users/sivateja/.m2/repository/org/junit/platform/junit-platform-commons/1.9.2/junit-platform-commons-1.9.2.jar:/Users/sivateja/.m2/repository/org/apiguardian/apiguardian-api/1.1.2/apiguardian-api-1.1.2.jar:/Users/sivateja/.m2/repository/org/junit/jupiter/junit-jupiter-params/5.9.2/junit-jupiter-params-5.9.2.jar:/Users/sivateja/.m2/repository/org/junit/jupiter/junit-jupiter-engine/5.9.2/junit-jupiter-engine-5.9.2.jar:/Users/sivateja/.m2/repository/org/junit/platform/junit-platform-engine/1.9.2/junit-platform-engine-1.9.2.jar:/Users/sivateja/.m2/repository/org/mockito/mockito-core/4.8.1/mockito-core-4.8.1.jar:/Users/sivateja/.m2/repository/net/bytebuddy/byte-buddy-agent/1.12.23/byte-buddy-agent-1.12.23.jar:/Users/sivateja/.m2/repository/org/objenesis/objenesis/3.2/objenesis-3.2.jar:/Users/sivateja/.m2/repository/org/mockito/mockito-junit-jupiter/4.8.1/mockito-junit-jupiter-4.8.1.jar:/Users/sivateja/.m2/repository/org/skyscreamer/jsonassert/1.5.1/jsonassert-1.5.1.jar:/Users/sivateja/.m2/repository/com/vaadin/external/google/android-json/0.0.20131108.vaadin1/android-json-0.0.20131108.vaadin1.jar:/Users/sivateja/.m2/repository/org/springframework/spring-core/6.0.7/spring-core-6.0.7.jar:/Users/sivateja/.m2/repository/org/springframework/spring-jcl/6.0.7/spring-jcl-6.0.7.jar:/Users/sivateja/.m2/repository/org/springframework/spring-test/6.0.7/spring-test-6.0.7.jar:/Users/sivateja/.m2/repository/org/xmlunit/xmlunit-core/2.9.1/xmlunit-core-2.9.1.jar:"/>
    <property name="sun.cpu.endian" value="little"/>
    <property name="user.home" value="/Users/sivateja"/>
    <property name="user.language" value="en"/>
    <property name="java.specification.vendor" value="Oracle Corporation"/>
    <property name="java.version.date" value="2023-01-17"/>
    <property name="java.home" value="/Users/sivateja/Library/Java/JavaVirtualMachines/corretto-17.0.6/Contents/Home"/>
    <property name="file.separator" value="/"/>
    <property name="basedir" value="/Users/sivateja/Downloads/validation-service 2"/>
    <property name="java.vm.compressedOopsMode" value="Zero based"/>
    <property name="line.separator" value="&#10;"/>
    <property name="java.vm.specification.vendor" value="Oracle Corporation"/>
    <property name="java.specification.name" value="Java Platform API Specification"/>
    <property name="surefire.real.class.path" value="/Users/sivateja/Downloads/validation-service 2/target/surefire/surefirebooter11777879627947555894.jar"/>
    <property name="sun.management.compiler" value="HotSpot 64-Bit Tiered Compilers"/>
    <property name="ftp.nonProxyHosts" value="local|*.local|169.254/16|*.169.254/16"/>
    <property name="java.runtime.version" value="17.0.6+10-LTS"/>
    <property name="user.name" value="sivateja"/>
    <property name="path.separator" value=":"/>
    <property name="os.version" value="13.3"/>
    <property name="java.runtime.name" value="OpenJDK Runtime Environment"/>
    <property name="file.encoding" value="UTF-8"/>
    <property name="java.vm.name" value="OpenJDK 64-Bit Server VM"/>
    <property name="java.vendor.version" value="Corretto-17.0.6.10.1"/>
    <property name="localRepository" value="/Users/sivateja/.m2/repository"/>
    <property name="java.vendor.url.bug" value="https://github.com/corretto/corretto-17/issues/"/>
    <property name="java.io.tmpdir" value="/var/folders/8c/hyvvpzvs1rl2m9sh3g71m5mm0000gn/T/"/>
    <property name="idea.version" value="2022.3.1"/>
    <property name="java.version" value="17.0.6"/>
    <property name="user.dir" value="/Users/sivateja/Downloads/validation-service 2"/>
    <property name="os.arch" value="aarch64"/>
    <property name="java.vm.specification.name" value="Java Virtual Machine Specification"/>
    <property name="native.encoding" value="UTF-8"/>
    <property name="java.library.path" value="/Users/sivateja/Library/Java/Extensions:/Library/Java/Extensions:/Network/Library/Java/Extensions:/System/Library/Java/Extensions:/usr/lib/java:."/>
    <property name="java.vm.info" value="mixed mode, sharing"/>
    <property name="java.vendor" value="Amazon.com Inc."/>
    <property name="java.vm.version" value="17.0.6+10-LTS"/>
    <property name="sun.io.unicode.encoding" value="UnicodeBig"/>
    <property name="socksNonProxyHosts" value="local|*.local|169.254/16|*.169.254/16"/>
    <property name="java.class.version" value="61.0"/>
  </properties>
  <testcase name="testValidateItem" classname="com.item.validationservice.ItemValidationControllerIntegrationTest" time="0.104"/>
</testsuite>